Analysis & Synthesis report for temprature_sensor
Sat Apr 30 09:36:58 2022
Quartus Prime Version 18.1.0 Build 625 09/12/2018 SJ Lite Edition


---------------------
; Table of Contents ;
---------------------
  1. Legal Notice
  2. Analysis & Synthesis Summary
  3. Analysis & Synthesis Settings
  4. Parallel Compilation
  5. Analysis & Synthesis Source Files Read
  6. Analysis & Synthesis Resource Usage Summary
  7. Analysis & Synthesis Resource Utilization by Entity
  8. State Machine - |temprature_sensor|lcd_ctrl:i3|current_state
  9. Registers Removed During Synthesis
 10. General Register Statistics
 11. Parameter Settings for User Entity Instance: lcd_ctrl:i3
 12. Post-Synthesis Netlist Statistics for Top Partition
 13. Elapsed Time Per Partition
 14. Analysis & Synthesis Messages



----------------
; Legal Notice ;
----------------
Copyright (C) 2018  Intel Corporation. All rights reserved.
Your use of Intel Corporation's design tools, logic functions 
and other software and tools, and its AMPP partner logic 
functions, and any output files from any of the foregoing 
(including device programming or simulation files), and any 
associated documentation or information are expressly subject 
to the terms and conditions of the Intel Program License 
Subscription Agreement, the Intel Quartus Prime License Agreement,
the Intel FPGA IP License Agreement, or other applicable license
agreement, including, without limitation, that your use is for
the sole purpose of programming logic devices manufactured by
Intel and sold by Intel or its authorized distributors.  Please
refer to the applicable agreement for further details.



+----------------------------------------------------------------------------------+
; Analysis & Synthesis Summary                                                     ;
+------------------------------------+---------------------------------------------+
; Analysis & Synthesis Status        ; Successful - Sat Apr 30 09:36:58 2022       ;
; Quartus Prime Version              ; 18.1.0 Build 625 09/12/2018 SJ Lite Edition ;
; Revision Name                      ; temprature_sensor                           ;
; Top-level Entity Name              ; temprature_sensor                           ;
; Family                             ; Cyclone IV E                                ;
; Total logic elements               ; 68                                          ;
;     Total combinational functions  ; 52                                          ;
;     Dedicated logic registers      ; 33                                          ;
; Total registers                    ; 33                                          ;
; Total pins                         ; 23                                          ;
; Total virtual pins                 ; 0                                           ;
; Total memory bits                  ; 0                                           ;
; Embedded Multiplier 9-bit elements ; 0                                           ;
; Total PLLs                         ; 0                                           ;
+------------------------------------+---------------------------------------------+


+------------------------------------------------------------------------------------------------------------+
; Analysis & Synthesis Settings                                                                              ;
+------------------------------------------------------------------+--------------------+--------------------+
; Option                                                           ; Setting            ; Default Value      ;
+------------------------------------------------------------------+--------------------+--------------------+
; Device                                                           ; EP4CE22F17C6       ;                    ;
; Top-level entity name                                            ; temprature_sensor  ; temprature_sensor  ;
; Family name                                                      ; Cyclone IV E       ; Cyclone V          ;
; Use smart compilation                                            ; Off                ; Off                ;
; Enable parallel Assembler and Timing Analyzer during compilation ; On                 ; On                 ;
; Enable compact report table                                      ; Off                ; Off                ;
; Restructure Multiplexers                                         ; Auto               ; Auto               ;
; Create Debugging Nodes for IP Cores                              ; Off                ; Off                ;
; Preserve fewer node names                                        ; On                 ; On                 ;
; Intel FPGA IP Evaluation Mode                                    ; Enable             ; Enable             ;
; Verilog Version                                                  ; Verilog_2001       ; Verilog_2001       ;
; VHDL Version                                                     ; VHDL_1993          ; VHDL_1993          ;
; State Machine Processing                                         ; Auto               ; Auto               ;
; Safe State Machine                                               ; Off                ; Off                ;
; Extract Verilog State Machines                                   ; On                 ; On                 ;
; Extract VHDL State Machines                                      ; On                 ; On                 ;
; Ignore Verilog initial constructs                                ; Off                ; Off                ;
; Iteration limit for constant Verilog loops                       ; 5000               ; 5000               ;
; Iteration limit for non-constant Verilog loops                   ; 250                ; 250                ;
; Add Pass-Through Logic to Inferred RAMs                          ; On                 ; On                 ;
; Infer RAMs from Raw Logic                                        ; On                 ; On                 ;
; Parallel Synthesis                                               ; On                 ; On                 ;
; DSP Block Balancing                                              ; Auto               ; Auto               ;
; NOT Gate Push-Back                                               ; On                 ; On                 ;
; Power-Up Don't Care                                              ; On                 ; On                 ;
; Remove Redundant Logic Cells                                     ; Off                ; Off                ;
; Remove Duplicate Registers                                       ; On                 ; On                 ;
; Ignore CARRY Buffers                                             ; Off                ; Off                ;
; Ignore CASCADE Buffers                                           ; Off                ; Off                ;
; Ignore GLOBAL Buffers                                            ; Off                ; Off                ;
; Ignore ROW GLOBAL Buffers                                        ; Off                ; Off                ;
; Ignore LCELL Buffers                                             ; Off                ; Off                ;
; Ignore SOFT Buffers                                              ; On                 ; On                 ;
; Limit AHDL Integers to 32 Bits                                   ; Off                ; Off                ;
; Optimization Technique                                           ; Balanced           ; Balanced           ;
; Carry Chain Length                                               ; 70                 ; 70                 ;
; Auto Carry Chains                                                ; On                 ; On                 ;
; Auto Open-Drain Pins                                             ; On                 ; On                 ;
; Perform WYSIWYG Primitive Resynthesis                            ; Off                ; Off                ;
; Auto ROM Replacement                                             ; On                 ; On                 ;
; Auto RAM Replacement                                             ; On                 ; On                 ;
; Auto DSP Block Replacement                                       ; On                 ; On                 ;
; Auto Shift Register Replacement                                  ; Auto               ; Auto               ;
; Allow Shift Register Merging across Hierarchies                  ; Auto               ; Auto               ;
; Auto Clock Enable Replacement                                    ; On                 ; On                 ;
; Strict RAM Replacement                                           ; Off                ; Off                ;
; Allow Synchronous Control Signals                                ; On                 ; On                 ;
; Force Use of Synchronous Clear Signals                           ; Off                ; Off                ;
; Auto RAM Block Balancing                                         ; On                 ; On                 ;
; Auto RAM to Logic Cell Conversion                                ; Off                ; Off                ;
; Auto Resource Sharing                                            ; Off                ; Off                ;
; Allow Any RAM Size For Recognition                               ; Off                ; Off                ;
; Allow Any ROM Size For Recognition                               ; Off                ; Off                ;
; Allow Any Shift Register Size For Recognition                    ; Off                ; Off                ;
; Use LogicLock Constraints during Resource Balancing              ; On                 ; On                 ;
; Ignore translate_off and synthesis_off directives                ; Off                ; Off                ;
; Timing-Driven Synthesis                                          ; On                 ; On                 ;
; Report Parameter Settings                                        ; On                 ; On                 ;
; Report Source Assignments                                        ; On                 ; On                 ;
; Report Connectivity Checks                                       ; On                 ; On                 ;
; Ignore Maximum Fan-Out Assignments                               ; Off                ; Off                ;
; Synchronization Register Chain Length                            ; 2                  ; 2                  ;
; Power Optimization During Synthesis                              ; Normal compilation ; Normal compilation ;
; HDL message level                                                ; Level2             ; Level2             ;
; Suppress Register Optimization Related Messages                  ; Off                ; Off                ;
; Number of Removed Registers Reported in Synthesis Report         ; 5000               ; 5000               ;
; Number of Swept Nodes Reported in Synthesis Report               ; 5000               ; 5000               ;
; Number of Inverted Registers Reported in Synthesis Report        ; 100                ; 100                ;
; Clock MUX Protection                                             ; On                 ; On                 ;
; Auto Gated Clock Conversion                                      ; Off                ; Off                ;
; Block Design Naming                                              ; Auto               ; Auto               ;
; SDC constraint protection                                        ; Off                ; Off                ;
; Synthesis Effort                                                 ; Auto               ; Auto               ;
; Shift Register Replacement - Allow Asynchronous Clear Signal     ; On                 ; On                 ;
; Pre-Mapping Resynthesis Optimization                             ; Off                ; Off                ;
; Analysis & Synthesis Message Level                               ; Medium             ; Medium             ;
; Disable Register Merging Across Hierarchies                      ; Auto               ; Auto               ;
; Resource Aware Inference For Block RAM                           ; On                 ; On                 ;
+------------------------------------------------------------------+--------------------+--------------------+


+------------------------------------------+
; Parallel Compilation                     ;
+----------------------------+-------------+
; Processors                 ; Number      ;
+----------------------------+-------------+
; Number detected on machine ; 8           ;
; Maximum allowed            ; 4           ;
;                            ;             ;
; Average used               ; 1.00        ;
; Maximum used               ; 4           ;
;                            ;             ;
; Usage by Processor         ; % Time Used ;
;     Processor 1            ; 100.0%      ;
;     Processor 2            ;   0.0%      ;
;     Processors 3-4         ;   0.0%      ;
+----------------------------+-------------+


+---------------------------------------------------------------------------------------------------------------------------------------------------------------------+
; Analysis & Synthesis Source Files Read                                                                                                                              ;
+----------------------------------+-----------------+------------------------+-----------------------------------------------------------------------------+---------+
; File Name with User-Entered Path ; Used in Netlist ; File Type              ; File Name with Absolute Path                                                ; Library ;
+----------------------------------+-----------------+------------------------+-----------------------------------------------------------------------------+---------+
; ../../temprature_sensor.v        ; yes             ; User Verilog HDL File  ; C:/Users/hesha/Desktop/Digital Electronics Project/Code/temprature_sensor.v ;         ;
; ../../led_ctrl.v                 ; yes             ; User Verilog HDL File  ; C:/Users/hesha/Desktop/Digital Electronics Project/Code/led_ctrl.v          ;         ;
; ../../lcd_ctrl.v                 ; yes             ; User Verilog HDL File  ; C:/Users/hesha/Desktop/Digital Electronics Project/Code/lcd_ctrl.v          ;         ;
; ../../freq_divider.v             ; yes             ; User Verilog HDL File  ; C:/Users/hesha/Desktop/Digital Electronics Project/Code/freq_divider.v      ;         ;
; ../../bin_bcd.v                  ; yes             ; User Verilog HDL File  ; C:/Users/hesha/Desktop/Digital Electronics Project/Code/bin_bcd.v           ;         ;
+----------------------------------+-----------------+------------------------+-----------------------------------------------------------------------------+---------+


+---------------------------------------------------------------------+
; Analysis & Synthesis Resource Usage Summary                         ;
+---------------------------------------------+-----------------------+
; Resource                                    ; Usage                 ;
+---------------------------------------------+-----------------------+
; Estimated Total logic elements              ; 68                    ;
;                                             ;                       ;
; Total combinational functions               ; 52                    ;
; Logic element usage by number of LUT inputs ;                       ;
;     -- 4 input functions                    ; 28                    ;
;     -- 3 input functions                    ; 5                     ;
;     -- <=2 input functions                  ; 19                    ;
;                                             ;                       ;
; Logic elements by mode                      ;                       ;
;     -- normal mode                          ; 41                    ;
;     -- arithmetic mode                      ; 11                    ;
;                                             ;                       ;
; Total registers                             ; 33                    ;
;     -- Dedicated logic registers            ; 33                    ;
;     -- I/O registers                        ; 0                     ;
;                                             ;                       ;
; I/O pins                                    ; 23                    ;
;                                             ;                       ;
; Embedded Multiplier 9-bit elements          ; 0                     ;
;                                             ;                       ;
; Maximum fan-out node                        ; freq_divider:i1|count ;
; Maximum fan-out                             ; 21                    ;
; Total fan-out                               ; 282                   ;
; Average fan-out                             ; 2.15                  ;
+---------------------------------------------+-----------------------+


+-------------------------------------------------------------------------------------------------------------------------------------------------------------------------------------------------------------------------------+
; Analysis & Synthesis Resource Utilization by Entity                                                                                                                                                                           ;
+----------------------------+---------------------+---------------------------+-------------+--------------+---------+-----------+------+--------------+------------------------------------+-------------------+--------------+
; Compilation Hierarchy Node ; Combinational ALUTs ; Dedicated Logic Registers ; Memory Bits ; DSP Elements ; DSP 9x9 ; DSP 18x18 ; Pins ; Virtual Pins ; Full Hierarchy Name                ; Entity Name       ; Library Name ;
+----------------------------+---------------------+---------------------------+-------------+--------------+---------+-----------+------+--------------+------------------------------------+-------------------+--------------+
; |temprature_sensor         ; 52 (0)              ; 33 (0)                    ; 0           ; 0            ; 0       ; 0         ; 23   ; 0            ; |temprature_sensor                 ; temprature_sensor ; work         ;
;    |bin_bcd:i2|            ; 5 (5)               ; 0 (0)                     ; 0           ; 0            ; 0       ; 0         ; 0    ; 0            ; |temprature_sensor|bin_bcd:i2      ; bin_bcd           ; work         ;
;    |freq_divider:i1|       ; 13 (13)             ; 13 (13)                   ; 0           ; 0            ; 0       ; 0         ; 0    ; 0            ; |temprature_sensor|freq_divider:i1 ; freq_divider      ; work         ;
;    |lcd_ctrl:i3|           ; 32 (32)             ; 20 (20)                   ; 0           ; 0            ; 0       ; 0         ; 0    ; 0            ; |temprature_sensor|lcd_ctrl:i3     ; lcd_ctrl          ; work         ;
;    |led_ctrl:i0|           ; 2 (2)               ; 0 (0)                     ; 0           ; 0            ; 0       ; 0         ; 0    ; 0            ; |temprature_sensor|led_ctrl:i0     ; led_ctrl          ; work         ;
+----------------------------+---------------------+---------------------------+-------------+--------------+---------+-----------+------+--------------+------------------------------------+-------------------+--------------+
Note: For table entries with two numbers listed, the numbers in parentheses indicate the number of resources of the given type used by the specific entity alone. The numbers listed outside of parentheses indicate the total resources of the given type used by the specific entity and all of its sub-entities in the hierarchy.


Encoding Type:  One-Hot
+------------------------------------------------------------------------------------------------------------------------------------------------------------------------------------------------------------------------------------------------------------------------------------------------------------------------------------------------------------------------------------------------------------------------------+
; State Machine - |temprature_sensor|lcd_ctrl:i3|current_state                                                                                                                                                                                                                                                                                                                                                                 ;
+---------------------+-------------------+-------------------+-------------------+-------------------+-------------------+-------------------+-------------------+-------------------+-------------------+-------------------+------------------+------------------+------------------+------------------+------------------+------------------+------------------+------------------+------------------+---------------------+
; Name                ; current_state.s19 ; current_state.s18 ; current_state.s17 ; current_state.s16 ; current_state.s15 ; current_state.s14 ; current_state.s13 ; current_state.s12 ; current_state.s11 ; current_state.s10 ; current_state.s9 ; current_state.s8 ; current_state.s7 ; current_state.s6 ; current_state.s5 ; current_state.s4 ; current_state.s3 ; current_state.s2 ; current_state.s1 ; current_state.00000 ;
+---------------------+-------------------+-------------------+-------------------+-------------------+-------------------+-------------------+-------------------+-------------------+-------------------+-------------------+------------------+------------------+------------------+------------------+------------------+------------------+------------------+------------------+------------------+---------------------+
; current_state.00000 ; 0                 ; 0                 ; 0                 ; 0                 ; 0                 ; 0                 ; 0                 ; 0                 ; 0                 ; 0                 ; 0                ; 0                ; 0                ; 0                ; 0                ; 0                ; 0                ; 0                ; 0                ; 0                   ;
; current_state.s1    ; 0                 ; 0                 ; 0                 ; 0                 ; 0                 ; 0                 ; 0                 ; 0                 ; 0                 ; 0                 ; 0                ; 0                ; 0                ; 0                ; 0                ; 0                ; 0                ; 0                ; 1                ; 1                   ;
; current_state.s2    ; 0                 ; 0                 ; 0                 ; 0                 ; 0                 ; 0                 ; 0                 ; 0                 ; 0                 ; 0                 ; 0                ; 0                ; 0                ; 0                ; 0                ; 0                ; 0                ; 1                ; 0                ; 1                   ;
; current_state.s3    ; 0                 ; 0                 ; 0                 ; 0                 ; 0                 ; 0                 ; 0                 ; 0                 ; 0                 ; 0                 ; 0                ; 0                ; 0                ; 0                ; 0                ; 0                ; 1                ; 0                ; 0                ; 1                   ;
; current_state.s4    ; 0                 ; 0                 ; 0                 ; 0                 ; 0                 ; 0                 ; 0                 ; 0                 ; 0                 ; 0                 ; 0                ; 0                ; 0                ; 0                ; 0                ; 1                ; 0                ; 0                ; 0                ; 1                   ;
; current_state.s5    ; 0                 ; 0                 ; 0                 ; 0                 ; 0                 ; 0                 ; 0                 ; 0                 ; 0                 ; 0                 ; 0                ; 0                ; 0                ; 0                ; 1                ; 0                ; 0                ; 0                ; 0                ; 1                   ;
; current_state.s6    ; 0                 ; 0                 ; 0                 ; 0                 ; 0                 ; 0                 ; 0                 ; 0                 ; 0                 ; 0                 ; 0                ; 0                ; 0                ; 1                ; 0                ; 0                ; 0                ; 0                ; 0                ; 1                   ;
; current_state.s7    ; 0                 ; 0                 ; 0                 ; 0                 ; 0                 ; 0                 ; 0                 ; 0                 ; 0                 ; 0                 ; 0                ; 0                ; 1                ; 0                ; 0                ; 0                ; 0                ; 0                ; 0                ; 1                   ;
; current_state.s8    ; 0                 ; 0                 ; 0                 ; 0                 ; 0                 ; 0                 ; 0                 ; 0                 ; 0                 ; 0                 ; 0                ; 1                ; 0                ; 0                ; 0                ; 0                ; 0                ; 0                ; 0                ; 1                   ;
; current_state.s9    ; 0                 ; 0                 ; 0                 ; 0                 ; 0                 ; 0                 ; 0                 ; 0                 ; 0                 ; 0                 ; 1                ; 0                ; 0                ; 0                ; 0                ; 0                ; 0                ; 0                ; 0                ; 1                   ;
; current_state.s10   ; 0                 ; 0                 ; 0                 ; 0                 ; 0                 ; 0                 ; 0                 ; 0                 ; 0                 ; 1                 ; 0                ; 0                ; 0                ; 0                ; 0                ; 0                ; 0                ; 0                ; 0                ; 1                   ;
; current_state.s11   ; 0                 ; 0                 ; 0                 ; 0                 ; 0                 ; 0                 ; 0                 ; 0                 ; 1                 ; 0                 ; 0                ; 0                ; 0                ; 0                ; 0                ; 0                ; 0                ; 0                ; 0                ; 1                   ;
; current_state.s12   ; 0                 ; 0                 ; 0                 ; 0                 ; 0                 ; 0                 ; 0                 ; 1                 ; 0                 ; 0                 ; 0                ; 0                ; 0                ; 0                ; 0                ; 0                ; 0                ; 0                ; 0                ; 1                   ;
; current_state.s13   ; 0                 ; 0                 ; 0                 ; 0                 ; 0                 ; 0                 ; 1                 ; 0                 ; 0                 ; 0                 ; 0                ; 0                ; 0                ; 0                ; 0                ; 0                ; 0                ; 0                ; 0                ; 1                   ;
; current_state.s14   ; 0                 ; 0                 ; 0                 ; 0                 ; 0                 ; 1                 ; 0                 ; 0                 ; 0                 ; 0                 ; 0                ; 0                ; 0                ; 0                ; 0                ; 0                ; 0                ; 0                ; 0                ; 1                   ;
; current_state.s15   ; 0                 ; 0                 ; 0                 ; 0                 ; 1                 ; 0                 ; 0                 ; 0                 ; 0                 ; 0                 ; 0                ; 0                ; 0                ; 0                ; 0                ; 0                ; 0                ; 0                ; 0                ; 1                   ;
; current_state.s16   ; 0                 ; 0                 ; 0                 ; 1                 ; 0                 ; 0                 ; 0                 ; 0                 ; 0                 ; 0                 ; 0                ; 0                ; 0                ; 0                ; 0                ; 0                ; 0                ; 0                ; 0                ; 1                   ;
; current_state.s17   ; 0                 ; 0                 ; 1                 ; 0                 ; 0                 ; 0                 ; 0                 ; 0                 ; 0                 ; 0                 ; 0                ; 0                ; 0                ; 0                ; 0                ; 0                ; 0                ; 0                ; 0                ; 1                   ;
; current_state.s18   ; 0                 ; 1                 ; 0                 ; 0                 ; 0                 ; 0                 ; 0                 ; 0                 ; 0                 ; 0                 ; 0                ; 0                ; 0                ; 0                ; 0                ; 0                ; 0                ; 0                ; 0                ; 1                   ;
; current_state.s19   ; 1                 ; 0                 ; 0                 ; 0                 ; 0                 ; 0                 ; 0                 ; 0                 ; 0                 ; 0                 ; 0                ; 0                ; 0                ; 0                ; 0                ; 0                ; 0                ; 0                ; 0                ; 1                   ;
+---------------------+-------------------+-------------------+-------------------+-------------------+-------------------+-------------------+-------------------+-------------------+-------------------+-------------------+------------------+------------------+------------------+------------------+------------------+------------------+------------------+------------------+------------------+---------------------+


+----------------------------------------------------------------------------+
; Registers Removed During Synthesis                                         ;
+----------------------------------------+-----------------------------------+
; Register name                          ; Reason for Removal                ;
+----------------------------------------+-----------------------------------+
; lcd_ctrl:i3|current_state~4            ; Lost fanout                       ;
; lcd_ctrl:i3|current_state~5            ; Lost fanout                       ;
; lcd_ctrl:i3|current_state~6            ; Lost fanout                       ;
; lcd_ctrl:i3|current_state~7            ; Lost fanout                       ;
; lcd_ctrl:i3|current_state~8            ; Lost fanout                       ;
; freq_divider:i1|count_temp[12]         ; Merged with freq_divider:i1|count ;
; freq_divider:i1|count_temp[13..20]     ; Lost fanout                       ;
; Total Number of Removed Registers = 14 ;                                   ;
+----------------------------------------+-----------------------------------+


+------------------------------------------------------+
; General Register Statistics                          ;
+----------------------------------------------+-------+
; Statistic                                    ; Value ;
+----------------------------------------------+-------+
; Total registers                              ; 33    ;
; Number of registers using Synchronous Clear  ; 0     ;
; Number of registers using Synchronous Load   ; 0     ;
; Number of registers using Asynchronous Clear ; 20    ;
; Number of registers using Asynchronous Load  ; 0     ;
; Number of registers using Clock Enable       ; 0     ;
; Number of registers using Preset             ; 0     ;
+----------------------------------------------+-------+


+----------------------------------------------------------+
; Parameter Settings for User Entity Instance: lcd_ctrl:i3 ;
+----------------+----------+------------------------------+
; Parameter Name ; Value    ; Type                         ;
+----------------+----------+------------------------------+
; s0             ; 00000    ; Unsigned Binary              ;
; s1             ; 00001    ; Unsigned Binary              ;
; s2             ; 00010    ; Unsigned Binary              ;
; s3             ; 00011    ; Unsigned Binary              ;
; s4             ; 00100    ; Unsigned Binary              ;
; s5             ; 00101    ; Unsigned Binary              ;
; s6             ; 00110    ; Unsigned Binary              ;
; s7             ; 00111    ; Unsigned Binary              ;
; s8             ; 01000    ; Unsigned Binary              ;
; s9             ; 01001    ; Unsigned Binary              ;
; s10            ; 01010    ; Unsigned Binary              ;
; s11            ; 01011    ; Unsigned Binary              ;
; s12            ; 01100    ; Unsigned Binary              ;
; s13            ; 01101    ; Unsigned Binary              ;
; s14            ; 01110    ; Unsigned Binary              ;
; s15            ; 01111    ; Unsigned Binary              ;
; s16            ; 10000    ; Unsigned Binary              ;
; s17            ; 10001    ; Unsigned Binary              ;
; s18            ; 10010    ; Unsigned Binary              ;
; s19            ; 10011    ; Unsigned Binary              ;
; display_on     ; 00001100 ; Unsigned Binary              ;
; clr            ; 00000001 ; Unsigned Binary              ;
; point          ; 00101110 ; Unsigned Binary              ;
; space          ; 00100000 ; Unsigned Binary              ;
; deg_symbol     ; 11011111 ; Unsigned Binary              ;
; c              ; 01000011 ; Unsigned Binary              ;
+----------------+----------+------------------------------+
Note: In order to hide this table in the UI and the text report file, please set the "Show Parameter Settings in Synthesis Report" option in "Analysis and Synthesis Settings -> More Settings" to "Off".


+-----------------------------------------------------+
; Post-Synthesis Netlist Statistics for Top Partition ;
+-----------------------+-----------------------------+
; Type                  ; Count                       ;
+-----------------------+-----------------------------+
; boundary_port         ; 23                          ;
; cycloneiii_ff         ; 33                          ;
;     CLR               ; 20                          ;
;     plain             ; 13                          ;
; cycloneiii_lcell_comb ; 57                          ;
;     arith             ; 11                          ;
;         2 data inputs ; 10                          ;
;         3 data inputs ; 1                           ;
;     normal            ; 46                          ;
;         1 data inputs ; 8                           ;
;         2 data inputs ; 6                           ;
;         3 data inputs ; 4                           ;
;         4 data inputs ; 28                          ;
;                       ;                             ;
; Max LUT depth         ; 4.00                        ;
; Average LUT depth     ; 2.55                        ;
+-----------------------+-----------------------------+


+-------------------------------+
; Elapsed Time Per Partition    ;
+----------------+--------------+
; Partition Name ; Elapsed Time ;
+----------------+--------------+
; Top            ; 00:00:01     ;
+----------------+--------------+


+-------------------------------+
; Analysis & Synthesis Messages ;
+-------------------------------+
Info: *******************************************************************
Info: Running Quartus Prime Analysis & Synthesis
    Info: Version 18.1.0 Build 625 09/12/2018 SJ Lite Edition
    Info: Processing started: Sat Apr 30 09:36:34 2022
Info: Command: quartus_map --read_settings_files=on --write_settings_files=off temprature_sensor -c temprature_sensor
Warning (18236): Number of processors has not been specified which may cause overloading on shared machines.  Set the global assignment NUM_PARALLEL_PROCESSORS in your QSF to an appropriate value for best performance.
Info (20030): Parallel compilation is enabled and will use 4 of the 4 processors detected
Info (12021): Found 1 design units, including 1 entities, in source file /users/hesha/desktop/digital electronics project/code/temprature_sensor.v
    Info (12023): Found entity 1: temprature_sensor File: C:/Users/hesha/Desktop/Digital Electronics Project/Code/temprature_sensor.v Line: 1
Info (12021): Found 1 design units, including 1 entities, in source file /users/hesha/desktop/digital electronics project/code/led_ctrl.v
    Info (12023): Found entity 1: led_ctrl File: C:/Users/hesha/Desktop/Digital Electronics Project/Code/led_ctrl.v Line: 1
Info (12021): Found 1 design units, including 1 entities, in source file /users/hesha/desktop/digital electronics project/code/lcd_ctrl.v
    Info (12023): Found entity 1: lcd_ctrl File: C:/Users/hesha/Desktop/Digital Electronics Project/Code/lcd_ctrl.v Line: 1
Info (12021): Found 1 design units, including 1 entities, in source file /users/hesha/desktop/digital electronics project/code/freq_divider.v
    Info (12023): Found entity 1: freq_divider File: C:/Users/hesha/Desktop/Digital Electronics Project/Code/freq_divider.v Line: 1
Info (12021): Found 1 design units, including 1 entities, in source file /users/hesha/desktop/digital electronics project/code/bin_bcd.v
    Info (12023): Found entity 1: bin_bcd File: C:/Users/hesha/Desktop/Digital Electronics Project/Code/bin_bcd.v Line: 1
Info (12127): Elaborating entity "temprature_sensor" for the top level hierarchy
Info (12128): Elaborating entity "led_ctrl" for hierarchy "led_ctrl:i0" File: C:/Users/hesha/Desktop/Digital Electronics Project/Code/temprature_sensor.v Line: 12
Info (12128): Elaborating entity "freq_divider" for hierarchy "freq_divider:i1" File: C:/Users/hesha/Desktop/Digital Electronics Project/Code/temprature_sensor.v Line: 13
Info (12128): Elaborating entity "bin_bcd" for hierarchy "bin_bcd:i2" File: C:/Users/hesha/Desktop/Digital Electronics Project/Code/temprature_sensor.v Line: 14
Info (12128): Elaborating entity "lcd_ctrl" for hierarchy "lcd_ctrl:i3" File: C:/Users/hesha/Desktop/Digital Electronics Project/Code/temprature_sensor.v Line: 15
Warning (10235): Verilog HDL Always Construct warning at lcd_ctrl.v(152): variable "bcd" is read inside the Always Construct but isn't in the Always Construct's Event Control File: C:/Users/hesha/Desktop/Digital Electronics Project/Code/lcd_ctrl.v Line: 152
Warning (10235): Verilog HDL Always Construct warning at lcd_ctrl.v(158): variable "bcd" is read inside the Always Construct but isn't in the Always Construct's Event Control File: C:/Users/hesha/Desktop/Digital Electronics Project/Code/lcd_ctrl.v Line: 158
Warning (10235): Verilog HDL Always Construct warning at lcd_ctrl.v(164): variable "bcd" is read inside the Always Construct but isn't in the Always Construct's Event Control File: C:/Users/hesha/Desktop/Digital Electronics Project/Code/lcd_ctrl.v Line: 164
Warning (10235): Verilog HDL Always Construct warning at lcd_ctrl.v(170): variable "bcd" is read inside the Always Construct but isn't in the Always Construct's Event Control File: C:/Users/hesha/Desktop/Digital Electronics Project/Code/lcd_ctrl.v Line: 170
Warning (10235): Verilog HDL Always Construct warning at lcd_ctrl.v(188): variable "bcd" is read inside the Always Construct but isn't in the Always Construct's Event Control File: C:/Users/hesha/Desktop/Digital Electronics Project/Code/lcd_ctrl.v Line: 188
Warning (10235): Verilog HDL Always Construct warning at lcd_ctrl.v(194): variable "bcd" is read inside the Always Construct but isn't in the Always Construct's Event Control File: C:/Users/hesha/Desktop/Digital Electronics Project/Code/lcd_ctrl.v Line: 194
Warning (10235): Verilog HDL Always Construct warning at lcd_ctrl.v(200): variable "bcd" is read inside the Always Construct but isn't in the Always Construct's Event Control File: C:/Users/hesha/Desktop/Digital Electronics Project/Code/lcd_ctrl.v Line: 200
Warning (10235): Verilog HDL Always Construct warning at lcd_ctrl.v(206): variable "bcd" is read inside the Always Construct but isn't in the Always Construct's Event Control File: C:/Users/hesha/Desktop/Digital Electronics Project/Code/lcd_ctrl.v Line: 206
Info (286030): Timing-Driven Synthesis is running
Info (17049): 13 registers lost all their fanouts during netlist optimizations.
Info (16010): Generating hard_block partition "hard_block:auto_generated_inst"
    Info (16011): Adding 0 node(s), including 0 DDIO, 0 PLL, 0 transceiver and 0 LCELL
Info (21057): Implemented 91 device resources after synthesis - the final resource count might be different
    Info (21058): Implemented 11 input pins
    Info (21059): Implemented 12 output pins
    Info (21061): Implemented 68 logic cells
Info: Quartus Prime Analysis & Synthesis was successful. 0 errors, 9 warnings
    Info: Peak virtual memory: 4776 megabytes
    Info: Processing ended: Sat Apr 30 09:36:58 2022
    Info: Elapsed time: 00:00:24
    Info: Total CPU time (on all processors): 00:00:53


